<<<<<<< HEAD
Copyright 1986-2020 Xilinx, Inc. All Rights Reserved.
------------------------------------------------------------------------------------------------------------------------------------------------------------
| Tool Version : Vivado v.2020.1 (win64) Build 2902540 Wed May 27 19:54:49 MDT 2020
| Date         : Sun Dec  6 05:48:52 2020
| Host         : LAPTOP-FAU9B8M9 running 64-bit major release  (build 9200)
| Command      : report_bus_skew -warn_on_violation -file topModule_bus_skew_routed.rpt -pb topModule_bus_skew_routed.pb -rpx topModule_bus_skew_routed.rpx
| Design       : topModule
| Device       : 7a35t-cpg236
| Speed File   : -1  PRODUCTION 1.23 2018-06-13
------------------------------------------------------------------------------------------------------------------------------------------------------------

Bus Skew Report

No bus skew constraints

=======
Copyright 1986-2020 Xilinx, Inc. All Rights Reserved.
------------------------------------------------------------------------------------------------------------------------------------------------------------
| Tool Version : Vivado v.2020.1.1 (win64) Build 2960000 Wed Aug  5 22:57:20 MDT 2020
| Date         : Sun Dec  6 04:15:21 2020
| Host         : DESKTOP-6AS72D8 running 64-bit major release  (build 9200)
| Command      : report_bus_skew -warn_on_violation -file topModule_bus_skew_routed.rpt -pb topModule_bus_skew_routed.pb -rpx topModule_bus_skew_routed.rpx
| Design       : topModule
| Device       : 7a35t-cpg236
| Speed File   : -1  PRODUCTION 1.23 2018-06-13
------------------------------------------------------------------------------------------------------------------------------------------------------------

Bus Skew Report

No bus skew constraints

>>>>>>> 222e23ea866a0da69e00b45956b89bb0d7fe4363
